<?xml version="1.0" encoding="UTF-8" ?>
<testsuite tests="9" failures="0" name="configuration.MyBatisTest" time="3.713" errors="1" skipped="0">
  <properties>
[...]
</properties>
  <testcase classname="configuration.MyBatisTest" name="testThridLoginMapper" time="0.147"/>
  <testcase classname="configuration.MyBatisTest" name="testSelectMember" time="0.081"/>
  <testcase classname="configuration.MyBatisTest" name="testApprove" time="0.894"/>
  <testcase classname="configuration.MyBatisTest" name="testJson" time="0.064"/>
  <testcase classname="configuration.MyBatisTest" name="test2" time="0.028"/>
  <testcase classname="configuration.MyBatisTest" name="testGetMemberInfo" time="0.003"/>
  <testcase classname="configuration.MyBatisTest" name="testAddMember" time="0.044"/>
  <testcase classname="configuration.MyBatisTest" name="testPushAddAccounts" time="2.231">
    <error message="请求失败" type="java.lang.RuntimeException">java.lang.RuntimeException: 请求失败
	at com.weitaomi.systemconfig.util.HttpRequestUtils.postStringEntity(HttpRequestUtils.java:75)
	at configuration.MyBatisTest.testPushAddAccounts(MyBatisTest.java:98)
	at sun.reflect.NativeMethodAccessorImpl.invoke0(Native Method)
	at sun.reflect.NativeMethodAccessorImpl.invoke(NativeMethodAccessorImpl.java:62)
	at sun.reflect.DelegatingMethodAccessorImpl.invoke(DelegatingMethodAccessorImpl.java:43)
	at java.lang.reflect.Method.invoke(Method.java:498)
	at org.junit.runners.model.FrameworkMethod$1.runReflectiveCall(FrameworkMethod.java:50)
	at org.junit.internal.runners.model.ReflectiveCallable.run(ReflectiveCallable.java:12)
	at org.junit.runners.model.FrameworkMethod.invokeExplosively(FrameworkMethod.java:47)
	at org.junit.internal.runners.statements.InvokeMethod.evaluate(InvokeMethod.java:17)
	at org.junit.internal.runners.statements.RunBefores.evaluate(RunBefores.java:26)
	at org.springframework.test.context.junit4.statements.RunBeforeTestMethodCallbacks.evaluate(RunBeforeTestMethodCallbacks.java:75)
	at org.springframework.test.context.junit4.statements.RunAfterTestMethodCallbacks.evaluate(RunAfterTestMethodCallbacks.java:86)
	at org.springframework.test.context.junit4.statements.SpringRepeat.evaluate(SpringRepeat.java:84)
	at org.junit.runners.ParentRunner.runLeaf(ParentRunner.java:325)
	at org.springframework.test.context.junit4.SpringJUnit4ClassRunner.runChild(SpringJUnit4ClassRunner.java:254)
	at org.springframework.test.context.junit4.SpringJUnit4ClassRunner.runChild(SpringJUnit4ClassRunner.java:89)
	at org.junit.runners.ParentRunner$3.run(ParentRunner.java:290)
	at org.junit.runners.ParentRunner$1.schedule(ParentRunner.java:71)
	at org.junit.runners.ParentRunner.runChildren(ParentRunner.java:288)
	at org.junit.runners.ParentRunner.access$000(ParentRunner.java:58)
	at org.junit.runners.ParentRunner$2.evaluate(ParentRunner.java:268)
	at org.springframework.test.context.junit4.statements.RunBeforeTestClassCallbacks.evaluate(RunBeforeTestClassCallbacks.java:61)
	at org.springframework.test.context.junit4.statements.RunAfterTestClassCallbacks.evaluate(RunAfterTestClassCallbacks.java:70)
	at org.junit.runners.ParentRunner.run(ParentRunner.java:363)
	at org.springframework.test.context.junit4.SpringJUnit4ClassRunner.run(SpringJUnit4ClassRunner.java:193)
	at org.apache.maven.surefire.junit4.JUnit4TestSet.execute(JUnit4TestSet.java:53)
	at org.apache.maven.surefire.junit4.JUnit4Provider.executeTestSet(JUnit4Provider.java:123)
	at org.apache.maven.surefire.junit4.JUnit4Provider.invoke(JUnit4Provider.java:104)
	at sun.reflect.NativeMethodAccessorImpl.invoke0(Native Method)
	at sun.reflect.NativeMethodAccessorImpl.invoke(NativeMethodAccessorImpl.java:62)
	at sun.reflect.DelegatingMethodAccessorImpl.invoke(DelegatingMethodAccessorImpl.java:43)
	at java.lang.reflect.Method.invoke(Method.java:498)
	at org.apache.maven.surefire.util.ReflectionUtils.invokeMethodWithArray(ReflectionUtils.java:164)
	at org.apache.maven.surefire.booter.ProviderFactory$ProviderProxy.invoke(ProviderFactory.java:110)
	at org.apache.maven.surefire.booter.SurefireStarter.invokeProvider(SurefireStarter.java:175)
	at org.apache.maven.surefire.booter.SurefireStarter.runSuitesInProcessWhenForked(SurefireStarter.java:107)
	at org.apache.maven.surefire.booter.ForkedBooter.main(ForkedBooter.java:68)
</error>
    <system-out>15:47:10.165 [main] DEBUG o.s.t.annotation.ProfileValueUtils - Retrieved @ProfileValueSourceConfiguration [null] for test class [configuration.MyBatisTest]
15:47:10.165 [main] DEBUG o.s.t.annotation.ProfileValueUtils - Retrieved ProfileValueSource type [class org.springframework.test.annotation.SystemProfileValueSource] for class [configuration.MyBatisTest]
15:47:10.166 [main] DEBUG o.s.t.c.c.DefaultCacheAwareContextLoaderDelegate - Retrieved ApplicationContext from cache with key [[WebMergedContextConfiguration@27a97e08 testClass = MyBatisTest, locations = &apos;{classpath:/configXml/spring-*.xml}&apos;, classes = &apos;{}&apos;, contextInitializerClasses = &apos;[]&apos;, activeProfiles = &apos;{}&apos;, propertySourceLocations = &apos;{}&apos;, propertySourceProperties = &apos;{}&apos;, resourceBasePath = &apos;src/main/webapp&apos;, contextLoader = &apos;org.springframework.test.context.web.WebDelegatingSmartContextLoader&apos;, parent = [null]]]
15:47:10.166 [main] DEBUG o.springframework.test.context.cache - Spring test ApplicationContext cache statistics: [DefaultContextCache@43effd89 size = 1, parentContextCount = 0, hitCount = 18, missCount = 1]
15:47:10.166 [main] DEBUG o.s.t.c.w.ServletTestExecutionListener - Setting up MockHttpServletRequest, MockHttpServletResponse, ServletWebRequest, and RequestContextHolder for test context [DefaultTestContext@3d8b319e testClass = MyBatisTest, testInstance = configuration.MyBatisTest@31b7d869, testMethod = [null], testException = [null], mergedContextConfiguration = [WebMergedContextConfiguration@27a97e08 testClass = MyBatisTest, locations = &apos;{classpath:/configXml/spring-*.xml}&apos;, classes = &apos;{}&apos;, contextInitializerClasses = &apos;[]&apos;, activeProfiles = &apos;{}&apos;, propertySourceLocations = &apos;{}&apos;, propertySourceProperties = &apos;{}&apos;, resourceBasePath = &apos;src/main/webapp&apos;, contextLoader = &apos;org.springframework.test.context.web.WebDelegatingSmartContextLoader&apos;, parent = [null]]].
15:47:10.166 [main] DEBUG o.s.t.c.s.DependencyInjectionTestExecutionListener - Performing dependency injection for test context [[DefaultTestContext@3d8b319e testClass = MyBatisTest, testInstance = configuration.MyBatisTest@31b7d869, testMethod = [null], testException = [null], mergedContextConfiguration = [WebMergedContextConfiguration@27a97e08 testClass = MyBatisTest, locations = &apos;{classpath:/configXml/spring-*.xml}&apos;, classes = &apos;{}&apos;, contextInitializerClasses = &apos;[]&apos;, activeProfiles = &apos;{}&apos;, propertySourceLocations = &apos;{}&apos;, propertySourceProperties = &apos;{}&apos;, resourceBasePath = &apos;src/main/webapp&apos;, contextLoader = &apos;org.springframework.test.context.web.WebDelegatingSmartContextLoader&apos;, parent = [null]]]].
15:47:10.167 [main] DEBUG o.s.t.c.c.DefaultCacheAwareContextLoaderDelegate - Retrieved ApplicationContext from cache with key [[WebMergedContextConfiguration@27a97e08 testClass = MyBatisTest, locations = &apos;{classpath:/configXml/spring-*.xml}&apos;, classes = &apos;{}&apos;, contextInitializerClasses = &apos;[]&apos;, activeProfiles = &apos;{}&apos;, propertySourceLocations = &apos;{}&apos;, propertySourceProperties = &apos;{}&apos;, resourceBasePath = &apos;src/main/webapp&apos;, contextLoader = &apos;org.springframework.test.context.web.WebDelegatingSmartContextLoader&apos;, parent = [null]]]
15:47:10.167 [main] DEBUG o.springframework.test.context.cache - Spring test ApplicationContext cache statistics: [DefaultContextCache@43effd89 size = 1, parentContextCount = 0, hitCount = 19, missCount = 1]
15:47:10.167 [main] DEBUG o.s.b.f.annotation.InjectionMetadata - Processing injected element of bean &apos;configuration.MyBatisTest&apos;: AutowiredFieldElement for private org.springframework.web.context.WebApplicationContext common.BaseContextCase.webApplicationContext
15:47:10.167 [main] DEBUG o.s.b.f.annotation.InjectionMetadata - Processing injected element of bean &apos;configuration.MyBatisTest&apos;: AutowiredFieldElement for private com.weitaomi.application.model.mapper.MemberMapper configuration.MyBatisTest.memberMapper
15:47:10.167 [main] DEBUG o.s.b.f.s.DefaultListableBeanFactory - Returning cached instance of singleton bean &apos;memberMapper&apos;
15:47:10.167 [main] DEBUG o.s.b.f.annotation.InjectionMetadata - Processing injected element of bean &apos;configuration.MyBatisTest&apos;: AutowiredFieldElement for com.weitaomi.application.model.mapper.ThirdLoginMapper configuration.MyBatisTest.thirdLoginMapper
15:47:10.167 [main] DEBUG o.s.b.f.s.DefaultListableBeanFactory - Returning cached instance of singleton bean &apos;thirdLoginMapper&apos;
15:47:10.167 [main] DEBUG o.s.b.f.annotation.InjectionMetadata - Processing injected element of bean &apos;configuration.MyBatisTest&apos;: AutowiredFieldElement for com.weitaomi.application.model.mapper.ArticleMapper configuration.MyBatisTest.articleMapper
15:47:10.167 [main] DEBUG o.s.b.f.s.DefaultListableBeanFactory - Returning cached instance of singleton bean &apos;articleMapper&apos;
15:47:10.170 [main] DEBUG o.s.b.f.annotation.InjectionMetadata - Processing injected element of bean &apos;configuration.MyBatisTest&apos;: AutowiredFieldElement for com.weitaomi.application.model.mapper.MemberTaskHistoryMapper configuration.MyBatisTest.memberTaskHistoryMapper
15:47:10.170 [main] DEBUG o.s.b.f.s.DefaultListableBeanFactory - Returning cached instance of singleton bean &apos;memberTaskHistoryMapper&apos;
15:47:10.170 [main] DEBUG o.s.b.f.annotation.InjectionMetadata - Processing injected element of bean &apos;configuration.MyBatisTest&apos;: AutowiredFieldElement for private com.weitaomi.application.service.interf.IPaymentService configuration.MyBatisTest.paymentService
15:47:10.170 [main] DEBUG o.s.b.f.s.DefaultListableBeanFactory - Returning cached instance of singleton bean &apos;paymentService&apos;
15:47:10.171 [main] DEBUG o.s.t.c.s.AbstractDirtiesContextTestExecutionListener - Before test method: context [DefaultTestContext@3d8b319e testClass = MyBatisTest, testInstance = configuration.MyBatisTest@31b7d869, testMethod = testPushAddAccounts@MyBatisTest, testException = [null], mergedContextConfiguration = [WebMergedContextConfiguration@27a97e08 testClass = MyBatisTest, locations = &apos;{classpath:/configXml/spring-*.xml}&apos;, classes = &apos;{}&apos;, contextInitializerClasses = &apos;[]&apos;, activeProfiles = &apos;{}&apos;, propertySourceLocations = &apos;{}&apos;, propertySourceProperties = &apos;{}&apos;, resourceBasePath = &apos;src/main/webapp&apos;, contextLoader = &apos;org.springframework.test.context.web.WebDelegatingSmartContextLoader&apos;, parent = [null]]], class annotated with @DirtiesContext [false] with mode [null], method annotated with @DirtiesContext [false] with mode [null].
15:47:10.171 [main] DEBUG o.s.t.w.s.TestDispatcherServlet - Initializing servlet &apos;&apos;
15:47:10.172 [main] DEBUG o.s.w.c.s.StandardServletEnvironment - Adding [servletConfigInitParams] PropertySource with lowest search precedence
15:47:10.172 [main] DEBUG o.s.w.c.s.StandardServletEnvironment - Adding [servletContextInitParams] PropertySource with lowest search precedence
15:47:10.172 [main] DEBUG o.s.w.c.s.StandardServletEnvironment - Adding [systemProperties] PropertySource with lowest search precedence
15:47:10.172 [main] DEBUG o.s.w.c.s.StandardServletEnvironment - Adding [systemEnvironment] PropertySource with lowest search precedence
15:47:10.173 [main] DEBUG o.s.w.c.s.StandardServletEnvironment - Initialized StandardServletEnvironment with PropertySources [servletConfigInitParams,servletContextInitParams,systemProperties,systemEnvironment]
15:47:10.173 [main] INFO  o.s.mock.web.MockServletContext - Initializing Spring FrameworkServlet &apos;&apos;
15:47:10.173 [main] INFO  o.s.t.w.s.TestDispatcherServlet - FrameworkServlet &apos;&apos;: initialization started
15:47:10.173 [main] DEBUG o.s.t.w.s.TestDispatcherServlet - Unable to locate MultipartResolver with name &apos;multipartResolver&apos;: no multipart request handling provided
15:47:10.173 [main] DEBUG o.s.b.f.s.DefaultListableBeanFactory - Creating instance of bean &apos;org.springframework.web.servlet.i18n.AcceptHeaderLocaleResolver&apos;
15:47:10.173 [main] DEBUG o.s.b.f.s.DefaultListableBeanFactory - Finished creating instance of bean &apos;org.springframework.web.servlet.i18n.AcceptHeaderLocaleResolver&apos;
15:47:10.174 [main] DEBUG o.s.t.w.s.TestDispatcherServlet - Unable to locate LocaleResolver with name &apos;localeResolver&apos;: using default [org.springframework.web.servlet.i18n.AcceptHeaderLocaleResolver@1a47a1e8]
15:47:10.174 [main] DEBUG o.s.b.f.s.DefaultListableBeanFactory - Creating instance of bean &apos;org.springframework.web.servlet.theme.FixedThemeResolver&apos;
15:47:10.174 [main] DEBUG o.s.b.f.s.DefaultListableBeanFactory - Finished creating instance of bean &apos;org.springframework.web.servlet.theme.FixedThemeResolver&apos;
15:47:10.174 [main] DEBUG o.s.t.w.s.TestDispatcherServlet - Unable to locate ThemeResolver with name &apos;themeResolver&apos;: using default [org.springframework.web.servlet.theme.FixedThemeResolver@6d2a2560]
15:47:10.174 [main] DEBUG o.s.b.f.s.DefaultListableBeanFactory - Returning cached instance of singleton bean &apos;org.springframework.web.servlet.mvc.method.annotation.RequestMappingHandlerMapping&apos;
15:47:10.174 [main] DEBUG o.s.b.f.s.DefaultListableBeanFactory - Returning cached instance of singleton bean &apos;org.springframework.web.servlet.handler.BeanNameUrlHandlerMapping&apos;
15:47:10.174 [main] DEBUG o.s.b.f.s.DefaultListableBeanFactory - Returning cached instance of singleton bean &apos;org.springframework.web.servlet.handler.SimpleUrlHandlerMapping#0&apos;
15:47:10.174 [main] DEBUG o.s.b.f.s.DefaultListableBeanFactory - Returning cached instance of singleton bean &apos;org.springframework.web.servlet.mvc.method.annotation.RequestMappingHandlerAdapter&apos;
15:47:10.174 [main] DEBUG o.s.b.f.s.DefaultListableBeanFactory - Returning cached instance of singleton bean &apos;org.springframework.web.servlet.mvc.HttpRequestHandlerAdapter&apos;
15:47:10.174 [main] DEBUG o.s.b.f.s.DefaultListableBeanFactory - Returning cached instance of singleton bean &apos;org.springframework.web.servlet.mvc.SimpleControllerHandlerAdapter&apos;
15:47:10.175 [main] DEBUG o.s.b.f.s.DefaultListableBeanFactory - Returning cached instance of singleton bean &apos;org.springframework.web.servlet.mvc.method.annotation.ExceptionHandlerExceptionResolver#0&apos;
15:47:10.175 [main] DEBUG o.s.b.f.s.DefaultListableBeanFactory - Returning cached instance of singleton bean &apos;org.springframework.web.servlet.mvc.annotation.ResponseStatusExceptionResolver#0&apos;
15:47:10.175 [main] DEBUG o.s.b.f.s.DefaultListableBeanFactory - Returning cached instance of singleton bean &apos;org.springframework.web.servlet.mvc.support.DefaultHandlerExceptionResolver#0&apos;
15:47:10.175 [main] DEBUG o.s.b.f.s.DefaultListableBeanFactory - Creating instance of bean &apos;org.springframework.web.servlet.view.DefaultRequestToViewNameTranslator&apos;
15:47:10.175 [main] DEBUG o.s.b.f.s.DefaultListableBeanFactory - Finished creating instance of bean &apos;org.springframework.web.servlet.view.DefaultRequestToViewNameTranslator&apos;
15:47:10.175 [main] DEBUG o.s.t.w.s.TestDispatcherServlet - Unable to locate RequestToViewNameTranslator with name &apos;viewNameTranslator&apos;: using default [org.springframework.web.servlet.view.DefaultRequestToViewNameTranslator@62d1dc3c]
15:47:10.175 [main] DEBUG o.s.b.f.s.DefaultListableBeanFactory - Returning cached instance of singleton bean &apos;org.springframework.web.servlet.view.InternalResourceViewResolver#0&apos;
15:47:10.175 [main] DEBUG o.s.b.f.s.DefaultListableBeanFactory - Creating instance of bean &apos;org.springframework.web.servlet.support.SessionFlashMapManager&apos;
15:47:10.175 [main] DEBUG o.s.b.f.s.DefaultListableBeanFactory - Finished creating instance of bean &apos;org.springframework.web.servlet.support.SessionFlashMapManager&apos;
15:47:10.175 [main] DEBUG o.s.t.w.s.TestDispatcherServlet - Unable to locate FlashMapManager with name &apos;flashMapManager&apos;: using default [org.springframework.web.servlet.support.SessionFlashMapManager@3811510]
15:47:10.175 [main] DEBUG o.s.t.w.s.TestDispatcherServlet - Published WebApplicationContext of servlet &apos;&apos; as ServletContext attribute with name [org.springframework.web.servlet.FrameworkServlet.CONTEXT.]
15:47:10.175 [main] INFO  o.s.t.w.s.TestDispatcherServlet - FrameworkServlet &apos;&apos;: initialization completed in 2 ms
15:47:10.175 [main] DEBUG o.s.t.w.s.TestDispatcherServlet - Servlet &apos;&apos; configured successfully
15:47:10.179 [main] DEBUG o.a.h.c.protocol.RequestAddCookies - CookieSpec selected: default
15:47:10.179 [main] DEBUG o.a.h.c.protocol.RequestAuthCache - Auth cache not set in the context
15:47:10.179 [main] DEBUG o.a.h.i.c.PoolingHttpClientConnectionManager - Connection request: [route: {}-&gt;http://www.yuyinggzs.com:80][total kept alive: 0; route allocated: 0 of 2; total allocated: 0 of 20]
15:47:10.180 [main] DEBUG o.a.h.i.c.PoolingHttpClientConnectionManager - Connection leased: [id: 1][route: {}-&gt;http://www.yuyinggzs.com:80][total kept alive: 0; route allocated: 1 of 2; total allocated: 1 of 20]
15:47:10.180 [main] DEBUG o.a.h.impl.execchain.MainClientExec - Opening connection {}-&gt;http://www.yuyinggzs.com:80
15:47:11.823 [main] DEBUG o.a.h.i.c.DefaultHttpClientConnectionOperator - Connecting to www.yuyinggzs.com/120.24.51.172:80
15:47:11.865 [main] DEBUG o.a.h.i.c.DefaultHttpClientConnectionOperator - Connection established 192.168.0.77:49271&lt;-&gt;120.24.51.172:80
15:47:11.865 [main] DEBUG o.a.h.impl.execchain.MainClientExec - Executing request POST /index.php/home/js/index HTTP/1.1
15:47:11.865 [main] DEBUG o.a.h.impl.execchain.MainClientExec - Target auth state: UNCHALLENGED
15:47:11.865 [main] DEBUG o.a.h.impl.execchain.MainClientExec - Proxy auth state: UNCHALLENGED
15:47:11.866 [main] DEBUG org.apache.http.headers - http-outgoing-1 &gt;&gt; POST /index.php/home/js/index HTTP/1.1
15:47:11.866 [main] DEBUG org.apache.http.headers - http-outgoing-1 &gt;&gt; Content-Type: application/json
15:47:11.866 [main] DEBUG org.apache.http.headers - http-outgoing-1 &gt;&gt; Content-Length: 116
15:47:11.866 [main] DEBUG org.apache.http.headers - http-outgoing-1 &gt;&gt; Host: www.yuyinggzs.com
15:47:11.866 [main] DEBUG org.apache.http.headers - http-outgoing-1 &gt;&gt; Connection: Keep-Alive
15:47:11.866 [main] DEBUG org.apache.http.headers - http-outgoing-1 &gt;&gt; User-Agent: Apache-HttpClient/4.5 (Java/1.8.0_101)
15:47:11.866 [main] DEBUG org.apache.http.headers - http-outgoing-1 &gt;&gt; Accept-Encoding: gzip,deflate
15:47:11.866 [main] DEBUG org.apache.http.wire - http-outgoing-1 &gt;&gt; &quot;POST /index.php/home/js/index HTTP/1.1[\r][\n]&quot;
15:47:11.866 [main] DEBUG org.apache.http.wire - http-outgoing-1 &gt;&gt; &quot;Content-Type: application/json[\r][\n]&quot;
15:47:11.866 [main] DEBUG org.apache.http.wire - http-outgoing-1 &gt;&gt; &quot;Content-Length: 116[\r][\n]&quot;
15:47:11.866 [main] DEBUG org.apache.http.wire - http-outgoing-1 &gt;&gt; &quot;Host: www.yuyinggzs.com[\r][\n]&quot;
15:47:11.866 [main] DEBUG org.apache.http.wire - http-outgoing-1 &gt;&gt; &quot;Connection: Keep-Alive[\r][\n]&quot;
15:47:11.866 [main] DEBUG org.apache.http.wire - http-outgoing-1 &gt;&gt; &quot;User-Agent: Apache-HttpClient/4.5 (Java/1.8.0_101)[\r][\n]&quot;
15:47:11.866 [main] DEBUG org.apache.http.wire - http-outgoing-1 &gt;&gt; &quot;Accept-Encoding: gzip,deflate[\r][\n]&quot;
15:47:11.866 [main] DEBUG org.apache.http.wire - http-outgoing-1 &gt;&gt; &quot;[\r][\n]&quot;
15:47:11.866 [main] DEBUG org.apache.http.wire - http-outgoing-1 &gt;&gt; &quot;{&quot;unionId&quot;:&quot;oaPViwd0R6XQW4MrQ2LaQTXuOTvc&quot;,&quot;url&quot;:&quot;http://192.168.0.77:8001/weitaomi/frontPage/index.html&quot;,&quot;flag&quot;:&quot;1&quot;}&quot;
15:47:12.395 [main] DEBUG org.apache.http.wire - http-outgoing-1 &lt;&lt; &quot;HTTP/1.1 404 Not Found[\r][\n]&quot;
15:47:12.395 [main] DEBUG org.apache.http.wire - http-outgoing-1 &lt;&lt; &quot;Date: Tue, 06 Sep 2016 07:47:09 GMT[\r][\n]&quot;
15:47:12.395 [main] DEBUG org.apache.http.wire - http-outgoing-1 &lt;&lt; &quot;Server: Apache/2.4.10 (Win32) OpenSSL/0.9.8zb PHP/5.3.29[\r][\n]&quot;
15:47:12.395 [main] DEBUG org.apache.http.wire - http-outgoing-1 &lt;&lt; &quot;X-Powered-By: PHP/5.3.29[\r][\n]&quot;
15:47:12.395 [main] DEBUG org.apache.http.wire - http-outgoing-1 &lt;&lt; &quot;Set-Cookie: PHPSESSID=nvcoec96h2cndpei9gu8n0pbg0; path=/[\r][\n]&quot;
15:47:12.395 [main] DEBUG org.apache.http.wire - http-outgoing-1 &lt;&lt; &quot;Expires: Thu, 19 Nov 1981 08:52:00 GMT[\r][\n]&quot;
15:47:12.395 [main] DEBUG org.apache.http.wire - http-outgoing-1 &lt;&lt; &quot;Cache-Control: no-store, no-cache, must-revalidate, post-check=0, pre-check=0[\r][\n]&quot;
15:47:12.395 [main] DEBUG org.apache.http.wire - http-outgoing-1 &lt;&lt; &quot;Pragma: no-cache[\r][\n]&quot;
15:47:12.395 [main] DEBUG org.apache.http.wire - http-outgoing-1 &lt;&lt; &quot;Status: 404 Not Found[\r][\n]&quot;
15:47:12.395 [main] DEBUG org.apache.http.wire - http-outgoing-1 &lt;&lt; &quot;Content-Length: 3184[\r][\n]&quot;
15:47:12.395 [main] DEBUG org.apache.http.wire - http-outgoing-1 &lt;&lt; &quot;Keep-Alive: timeout=5, max=100[\r][\n]&quot;
15:47:12.395 [main] DEBUG org.apache.http.wire - http-outgoing-1 &lt;&lt; &quot;Connection: Keep-Alive[\r][\n]&quot;
15:47:12.395 [main] DEBUG org.apache.http.wire - http-outgoing-1 &lt;&lt; &quot;Content-Type: text/html[\r][\n]&quot;
15:47:12.395 [main] DEBUG org.apache.http.wire - http-outgoing-1 &lt;&lt; &quot;[\r][\n]&quot;
15:47:12.395 [main] DEBUG org.apache.http.wire - http-outgoing-1 &lt;&lt; &quot;&lt;!DOCTYPE html PUBLIC &quot;-//W3C//DTD XHTML 1.0 Transitional//EN&quot; &quot;http://www.w3.org/TR/xhtml1/DTD/xhtml1-transitional.dtd&quot;&gt;[\r][\n]&quot;
15:47:12.395 [main] DEBUG org.apache.http.wire - http-outgoing-1 &lt;&lt; &quot;&lt;html xmlns=&quot;http://www.w3.org/1999/xhtml&quot;&gt;&lt;head&gt;[\r][\n]&quot;
15:47:12.395 [main] DEBUG org.apache.http.wire - http-outgoing-1 &lt;&lt; &quot;&lt;meta content=&quot;text/html; charset=utf-8&quot; http-equiv=&quot;Content-Type&quot;&gt;[\r][\n]&quot;
15:47:12.395 [main] DEBUG org.apache.http.wire - http-outgoing-1 &lt;&lt; &quot;&lt;title&gt;[0xe7][0xb3][0xbb][0xe7][0xbb][0x9f][0xe5][0x8f][0x91][0xe7][0x94][0x9f][0xe9][0x94][0x99][0xe8][0xaf][0xaf]&lt;/title&gt;[\r][\n]&quot;
15:47:12.395 [main] DEBUG org.apache.http.wire - http-outgoing-1 &lt;&lt; &quot;&lt;style type=&quot;text/css&quot;&gt;[\r][\n]&quot;
15:47:12.395 [main] DEBUG org.apache.http.wire - http-outgoing-1 &lt;&lt; &quot;*{ padding: 0; margin: 0; }[\r][\n]&quot;
15:47:12.395 [main] DEBUG org.apache.http.wire - http-outgoing-1 &lt;&lt; &quot;html{ overflow-y: scroll; }[\r][\n]&quot;
15:47:12.395 [main] DEBUG org.apache.http.wire - http-outgoing-1 &lt;&lt; &quot;body{ background: #fff; font-family: &apos;[0xe5][0xbe][0xae][0xe8][0xbd][0xaf][0xe9][0x9b][0x85][0xe9][0xbb][0x91]&apos;; color: #333; font-size: 16px; }[\r][\n]&quot;
15:47:12.395 [main] DEBUG org.apache.http.wire - http-outgoing-1 &lt;&lt; &quot;img{ border: 0; }[\r][\n]&quot;
15:47:12.395 [main] DEBUG org.apache.http.wire - http-outgoing-1 &lt;&lt; &quot;.error{ padding: 24px 48px; }[\r][\n]&quot;
15:47:12.395 [main] DEBUG org.apache.http.wire - http-outgoing-1 &lt;&lt; &quot;.face{ font-size: 100px; font-weight: normal; line-height: 120px; margin-bottom: 12px; }[\r][\n]&quot;
15:47:12.395 [main] DEBUG org.apache.http.wire - http-outgoing-1 &lt;&lt; &quot;h1{ font-size: 32px; line-height: 48px; }[\r][\n]&quot;
15:47:12.395 [main] DEBUG org.apache.http.wire - http-outgoing-1 &lt;&lt; &quot;.error .content{ padding-top: 10px}[\r][\n]&quot;
15:47:12.395 [main] DEBUG org.apache.http.wire - http-outgoing-1 &lt;&lt; &quot;.error .info{ margin-bottom: 12px; }[\r][\n]&quot;
15:47:12.395 [main] DEBUG org.apache.http.wire - http-outgoing-1 &lt;&lt; &quot;.error .info .title{ margin-bottom: 3px; }[\r][\n]&quot;
15:47:12.395 [main] DEBUG org.apache.http.wire - http-outgoing-1 &lt;&lt; &quot;.error .info .title h3{ color: #000; font-weight: 700; font-size: 16px; }[\r][\n]&quot;
15:47:12.395 [main] DEBUG org.apache.http.wire - http-outgoing-1 &lt;&lt; &quot;.error .info .text{ line-height: 24px; }[\r][\n]&quot;
15:47:12.395 [main] DEBUG org.apache.http.wire - http-outgoing-1 &lt;&lt; &quot;.copyright{ padding: 12px 48px; color: #999; }[\r][\n]&quot;
15:47:12.395 [main] DEBUG org.apache.http.wire - http-outgoing-1 &lt;&lt; &quot;.copyright a{ color: #000; text-decoration: none; }[\r][\n]&quot;
15:47:12.395 [main] DEBUG org.apache.http.wire - http-outgoing-1 &lt;&lt; &quot;&lt;/style&gt;[\r][\n]&quot;
15:47:12.395 [main] DEBUG org.apache.http.wire - http-outgoing-1 &lt;&lt; &quot;&lt;/head&gt;[\r][\n]&quot;
15:47:12.395 [main] DEBUG org.apache.http.wire - http-outgoing-1 &lt;&lt; &quot;&lt;body&gt;[\r][\n]&quot;
15:47:12.395 [main] DEBUG org.apache.http.wire - http-outgoing-1 &lt;&lt; &quot;&lt;div class=&quot;error&quot;&gt;[\r][\n]&quot;
15:47:12.395 [main] DEBUG org.apache.http.wire - http-outgoing-1 &lt;&lt; &quot;&lt;p class=&quot;face&quot;&gt;:(&lt;/p&gt;[\r][\n]&quot;
15:47:12.395 [main] DEBUG org.apache.http.wire - http-outgoing-1 &lt;&lt; &quot;&lt;h1&gt;1054:Unknown column &apos;tokenUpdateTime&apos; in &apos;field list&apos;[\n]&quot;
15:47:12.395 [main] DEBUG org.apache.http.wire - http-outgoing-1 &lt;&lt; &quot; [ SQL[0xe8][0xaf][0xad][0xe5][0x8f][0xa5] ] : SELECT `tokenUpdateTime` FROM `wtm_official_accounts` WHERE `id` = 1 LIMIT 1  &lt;/h1&gt;[\r][\n]&quot;
15:47:12.395 [main] DEBUG org.apache.http.wire - http-outgoing-1 &lt;&lt; &quot;&lt;div class=&quot;content&quot;&gt;[\r][\n]&quot;
15:47:12.395 [main] DEBUG org.apache.http.wire - http-outgoing-1 &lt;&lt; &quot;[0x9]&lt;div class=&quot;info&quot;&gt;[\r][\n]&quot;
15:47:12.395 [main] DEBUG org.apache.http.wire - http-outgoing-1 &lt;&lt; &quot;[0x9][0x9]&lt;div class=&quot;title&quot;&gt;[\r][\n]&quot;
15:47:12.395 [main] DEBUG org.apache.http.wire - http-outgoing-1 &lt;&lt; &quot;[0x9][0x9][0x9]&lt;h3&gt;[0xe9][0x94][0x99][0xe8][0xaf][0xaf][0xe4][0xbd][0x8d][0xe7][0xbd][0xae]&lt;/h3&gt;[\r][\n]&quot;
15:47:12.395 [main] DEBUG org.apache.http.wire - http-outgoing-1 &lt;&lt; &quot;[0x9][0x9]&lt;/div&gt;[\r][\n]&quot;
15:47:12.395 [main] DEBUG org.apache.http.wire - http-outgoing-1 &lt;&lt; &quot;[0x9][0x9]&lt;div class=&quot;text&quot;&gt;[\r][\n]&quot;
15:47:12.395 [main] DEBUG org.apache.http.wire - http-outgoing-1 &lt;&lt; &quot;[0x9][0x9][0x9]&lt;p&gt;FILE: C:\WEB\wx\ThinkPHP\Library\Think\Db\Driver.class.php &amp;#12288;LINE: 350&lt;/p&gt;[\r][\n]&quot;
15:47:12.395 [main] DEBUG org.apache.http.wire - http-outgoing-1 &lt;&lt; &quot;[0x9][0x9]&lt;/div&gt;[\r][\n]&quot;
15:47:12.395 [main] DEBUG org.apache.http.wire - http-outgoing-1 &lt;&lt; &quot;[0x9]&lt;/div&gt;[\r][\n]&quot;
15:47:12.395 [main] DEBUG org.apache.http.wire - http-outgoing-1 &lt;&lt; &quot;[0x9]&lt;div class=&quot;info&quot;&gt;[\r][\n]&quot;
15:47:12.395 [main] DEBUG org.apache.http.wire - http-outgoing-1 &lt;&lt; &quot;[0x9][0x9]&lt;div class=&quot;title&quot;&gt;[\r][\n]&quot;
15:47:12.395 [main] DEBUG org.apache.http.wire - http-outgoing-1 &lt;&lt; &quot;[0x9][0x9][0x9]&lt;h3&gt;TRACE&lt;/h3&gt;[\r][\n]&quot;
15:47:12.395 [main] DEBUG org.apache.http.wire - http-outgoing-1 &lt;&lt; &quot;[0x9][0x9]&lt;/div&gt;[\r][\n]&quot;
15:47:12.395 [main] DEBUG org.apache.http.wire - http-outgoing-1 &lt;&lt; &quot;[0x9][0x9]&lt;div class=&quot;text&quot;&gt;[\r][\n]&quot;
15:47:12.396 [main] DEBUG org.apache.http.wire - http-outgoing-1 &lt;&lt; &quot;[0x9][0x9][0x9]&lt;p&gt;#0 C:\WEB\wx\ThinkPHP\Library\Think\Db\Driver.class.php(350): E(&apos;1054:Unknown co...&apos;)&lt;br /&gt;[\n]&quot;
15:47:12.396 [main] DEBUG org.apache.http.wire - http-outgoing-1 &lt;&lt; &quot;#1 C:\WEB\wx\ThinkPHP\Library\Think\Db\Driver.class.php(180): Think\Db\Driver-&gt;error()&lt;br /&gt;[\n]&quot;
15:47:12.396 [main] DEBUG org.apache.http.wire - http-outgoing-1 &lt;&lt; &quot;#2 C:\WEB\wx\ThinkPHP\Library\Think\Db\Driver.class.php(946): Think\Db\Driver-&gt;query(&apos;SELECT `tokenUp...&apos;, false)&lt;br /&gt;[\n]&quot;
15:47:12.396 [main] DEBUG org.apache.http.wire - http-outgoing-1 &lt;&lt; &quot;#3 C:\WEB\wx\ThinkPHP\Library\Think\Model.class.php(970): Think\Db\Driver-&gt;select(Array)&lt;br /&gt;[\n]&quot;
15:47:12.396 [main] DEBUG org.apache.http.wire - http-outgoing-1 &lt;&lt; &quot;#4 C:\WEB\wx\App\Home\Controller\JsController.class.php(172): Think\Model-&gt;getField(&apos;tokenUpdateTime&apos;)&lt;br /&gt;[\n]&quot;
15:47:12.396 [main] DEBUG org.apache.http.wire - http-outgoing-1 &lt;&lt; &quot;#5 C:\WEB\wx\App\Home\Controller\JsController.class.php(188): Home\Controller\JsController-&gt;get_tokenkey()&lt;br /&gt;[\n]&quot;
15:47:12.396 [main] DEBUG org.apache.http.wire - http-outgoing-1 &lt;&lt; &quot;#6 C:\WEB\wx\App\Home\Controller\JsController.class.php(33): Home\Controller\JsController-&gt;kfmgss(&apos;oIaNTwfsTiuDr6T...&apos;, &apos;&lt;a href=&apos;http:/...&apos;)&lt;br /&gt;[\n]&quot;
15:47:12.396 [main] DEBUG org.apache.http.wire - http-outgoing-1 &lt;&lt; &quot;#7 [internal function]: Home\Controller\JsController-&gt;index()&lt;br /&gt;[\n]&quot;
15:47:12.396 [main] DEBUG org.apache.http.wire - http-outgoing-1 &lt;&lt; &quot;#8 C:\WEB\wx\ThinkPHP\Library\Think\App.class.php(173): ReflectionMethod-&gt;invoke(Object(Home\Controller\JsController))&lt;br /&gt;[\n]&quot;
15:47:12.396 [main] DEBUG org.apache.http.wire - http-outgoing-1 &lt;&lt; &quot;#9 C:\WEB\wx\ThinkPHP\Library\Think\App.class.php(110): Think\App::invokeAction(Object(Home\Controller\JsController), &apos;index&apos;)&lt;br /&gt;[\n]&quot;
15:47:12.396 [main] DEBUG org.apache.http.wire - http-outgoing-1 &lt;&lt; &quot;#10 C:\WEB\wx\ThinkPHP\Library\Think\App.class.php(204): Think\App::exec()&lt;br /&gt;[\n]&quot;
15:47:12.396 [main] DEBUG org.apache.http.wire - http-outgoing-1 &lt;&lt; &quot;#11 C:\WEB\wx\ThinkPHP\Library\Think\Think.class.php(120): Think\App::run()&lt;br /&gt;[\n]&quot;
15:47:12.396 [main] DEBUG org.apache.http.wire - http-outgoing-1 &lt;&lt; &quot;#12 C:\WEB\wx\ThinkPHP\ThinkPHP.php(97): Think\Think::start()&lt;br /&gt;[\n]&quot;
15:47:12.396 [main] DEBUG org.apache.http.wire - http-outgoing-1 &lt;&lt; &quot;#13 C:\WEB\wx\index.php(10): require(&apos;C:\WEB\wx\Think...&apos;)&lt;br /&gt;[\n]&quot;
15:47:12.396 [main] DEBUG org.apache.http.wire - http-outgoing-1 &lt;&lt; &quot;#14 {main}&lt;/p&gt;[\r][\n]&quot;
15:47:12.396 [main] DEBUG org.apache.http.wire - http-outgoing-1 &lt;&lt; &quot;[0x9][0x9]&lt;/div&gt;[\r][\n]&quot;
15:47:12.396 [main] DEBUG org.apache.http.wire - http-outgoing-1 &lt;&lt; &quot;[0x9]&lt;/div&gt;[\r][\n]&quot;
15:47:12.396 [main] DEBUG org.apache.http.wire - http-outgoing-1 &lt;&lt; &quot;&lt;/div&gt;[\r][\n]&quot;
15:47:12.396 [main] DEBUG org.apache.http.wire - http-outgoing-1 &lt;&lt; &quot;&lt;/div&gt;[\r][\n]&quot;
15:47:12.396 [main] DEBUG org.apache.http.wire - http-outgoing-1 &lt;&lt; &quot;&lt;div class=&quot;copyright&quot;&gt;[\r][\n]&quot;
15:47:12.396 [main] DEBUG org.apache.http.wire - http-outgoing-1 &lt;&lt; &quot;&lt;p&gt;&lt;a title=&quot;[0xe5][0xae][0x98][0xe6][0x96][0xb9][0xe7][0xbd][0x91][0xe7][0xab][0x99]&quot; href=&quot;http://www.thinkphp.cn&quot;&gt;ThinkPHP&lt;/a&gt;&lt;sup&gt;3.2.3&lt;/sup&gt; { Fast &amp; Simple OOP PHP Framework } -- [ WE CAN DO IT JUST THINK ]&lt;/p&gt;[\r][\n]&quot;
15:47:12.396 [main] DEBUG org.apache.http.wire - http-outgoing-1 &lt;&lt; &quot;&lt;/div&gt;[\r][\n]&quot;
15:47:12.396 [main] DEBUG org.apache.http.wire - http-outgoing-1 &lt;&lt; &quot;&lt;/body&gt;[\r][\n]&quot;
15:47:12.396 [main] DEBUG org.apache.http.wire - http-outgoing-1 &lt;&lt; &quot;&lt;/html&gt;[\r][\n]&quot;
15:47:12.396 [main] DEBUG org.apache.http.headers - http-outgoing-1 &lt;&lt; HTTP/1.1 404 Not Found
15:47:12.396 [main] DEBUG org.apache.http.headers - http-outgoing-1 &lt;&lt; Date: Tue, 06 Sep 2016 07:47:09 GMT
15:47:12.396 [main] DEBUG org.apache.http.headers - http-outgoing-1 &lt;&lt; Server: Apache/2.4.10 (Win32) OpenSSL/0.9.8zb PHP/5.3.29
15:47:12.396 [main] DEBUG org.apache.http.headers - http-outgoing-1 &lt;&lt; X-Powered-By: PHP/5.3.29
15:47:12.396 [main] DEBUG org.apache.http.headers - http-outgoing-1 &lt;&lt; Set-Cookie: PHPSESSID=nvcoec96h2cndpei9gu8n0pbg0; path=/
15:47:12.396 [main] DEBUG org.apache.http.headers - http-outgoing-1 &lt;&lt; Expires: Thu, 19 Nov 1981 08:52:00 GMT
15:47:12.396 [main] DEBUG org.apache.http.headers - http-outgoing-1 &lt;&lt; Cache-Control: no-store, no-cache, must-revalidate, post-check=0, pre-check=0
15:47:12.396 [main] DEBUG org.apache.http.headers - http-outgoing-1 &lt;&lt; Pragma: no-cache
15:47:12.396 [main] DEBUG org.apache.http.headers - http-outgoing-1 &lt;&lt; Status: 404 Not Found
15:47:12.396 [main] DEBUG org.apache.http.headers - http-outgoing-1 &lt;&lt; Content-Length: 3184
15:47:12.396 [main] DEBUG org.apache.http.headers - http-outgoing-1 &lt;&lt; Keep-Alive: timeout=5, max=100
15:47:12.396 [main] DEBUG org.apache.http.headers - http-outgoing-1 &lt;&lt; Connection: Keep-Alive
15:47:12.396 [main] DEBUG org.apache.http.headers - http-outgoing-1 &lt;&lt; Content-Type: text/html
15:47:12.396 [main] DEBUG o.a.h.impl.execchain.MainClientExec - Connection can be kept alive for 5000 MILLISECONDS
15:47:12.398 [main] DEBUG o.a.h.c.p.ResponseProcessCookies - Cookie accepted [PHPSESSID=&quot;nvcoec96h2cndpei9gu8n0pbg0&quot;, version:0, domain:www.yuyinggzs.com, path:/, expiry:null]
15:47:12.398 [main] DEBUG o.s.t.c.s.AbstractDirtiesContextTestExecutionListener - After test method: context [DefaultTestContext@3d8b319e testClass = MyBatisTest, testInstance = configuration.MyBatisTest@31b7d869, testMethod = testPushAddAccounts@MyBatisTest, testException = java.lang.RuntimeException: ����ʧ��, mergedContextConfiguration = [WebMergedContextConfiguration@27a97e08 testClass = MyBatisTest, locations = &apos;{classpath:/configXml/spring-*.xml}&apos;, classes = &apos;{}&apos;, contextInitializerClasses = &apos;[]&apos;, activeProfiles = &apos;{}&apos;, propertySourceLocations = &apos;{}&apos;, propertySourceProperties = &apos;{}&apos;, resourceBasePath = &apos;src/main/webapp&apos;, contextLoader = &apos;org.springframework.test.context.web.WebDelegatingSmartContextLoader&apos;, parent = [null]]], class annotated with @DirtiesContext [false] with mode [null], method annotated with @DirtiesContext [false] with mode [null].
15:47:12.399 [main] DEBUG o.s.t.c.w.ServletTestExecutionListener - Resetting RequestContextHolder for test context [DefaultTestContext@3d8b319e testClass = MyBatisTest, testInstance = configuration.MyBatisTest@31b7d869, testMethod = testPushAddAccounts@MyBatisTest, testException = java.lang.RuntimeException: ����ʧ��, mergedContextConfiguration = [WebMergedContextConfiguration@27a97e08 testClass = MyBatisTest, locations = &apos;{classpath:/configXml/spring-*.xml}&apos;, classes = &apos;{}&apos;, contextInitializerClasses = &apos;[]&apos;, activeProfiles = &apos;{}&apos;, propertySourceLocations = &apos;{}&apos;, propertySourceProperties = &apos;{}&apos;, resourceBasePath = &apos;src/main/webapp&apos;, contextLoader = &apos;org.springframework.test.context.web.WebDelegatingSmartContextLoader&apos;, parent = [null]]].
</system-out>
  </testcase>
  <testcase classname="configuration.MyBatisTest" name="testSelectSelf" time="0.027"/>
</testsuite>